2023-06-14 19:07:41 - Starting CozastoreApplication using Java 11.0.17 on DESKTOP-1JC52A2 with PID 10044 (D:\myproject\cozastore\target\classes started by Dell in D:\myproject\cozastore)
2023-06-14 19:07:41 - No active profile set, falling back to 1 default profile: "default"
2023-06-14 19:07:41 - Devtools property defaults active! Set 'spring.devtools.add-properties' to 'false' to disable
2023-06-14 19:07:41 - For additional web related logging consider setting the 'logging.level.web' property to 'DEBUG'
2023-06-14 19:07:42 - Bootstrapping Spring Data JPA repositories in DEFAULT mode.
2023-06-14 19:07:42 - Finished Spring Data repository scanning in 74 ms. Found 5 JPA repository interfaces.
2023-06-14 19:07:43 - Tomcat initialized with port(s): 8080 (http)
2023-06-14 19:07:43 - Initializing ProtocolHandler ["http-nio-8080"]
2023-06-14 19:07:43 - Starting service [Tomcat]
2023-06-14 19:07:43 - Starting Servlet engine: [Apache Tomcat/9.0.74]
2023-06-14 19:07:43 - Initializing Spring embedded WebApplicationContext
2023-06-14 19:07:43 - Root WebApplicationContext: initialization completed in 2497 ms
2023-06-14 19:07:44 - HikariPool-1 - Starting...
2023-06-14 19:07:44 - HikariPool-1 - Start completed.
2023-06-14 19:07:45 - Initialized JPA EntityManagerFactory for persistence unit 'default'
2023-06-14 19:07:46 - Will secure any request with [org.springframework.security.web.session.DisableEncodeUrlFilter@4f9c8dee, org.springframework.security.web.context.request.async.WebAsyncManagerIntegrationFilter@6ccb692, org.springframework.security.web.context.SecurityContextPersistenceFilter@41d9a2b4, org.springframework.security.web.header.HeaderWriterFilter@381ee670, org.springframework.security.web.authentication.logout.LogoutFilter@35b19ff0, com.cybersoft.cozastore.filter.JwtFilter@161e2d37, org.springframework.security.web.savedrequest.RequestCacheAwareFilter@7790b385, org.springframework.security.web.servletapi.SecurityContextHolderAwareRequestFilter@716c2bb, org.springframework.security.web.authentication.AnonymousAuthenticationFilter@6eb2b375, org.springframework.security.web.session.SessionManagementFilter@1c9e0d9, org.springframework.security.web.access.ExceptionTranslationFilter@41ef7c08, org.springframework.security.web.access.intercept.AuthorizationFilter@49401b34]
2023-06-14 19:07:46 - spring.jpa.open-in-view is enabled by default. Therefore, database queries may be performed during view rendering. Explicitly configure spring.jpa.open-in-view to disable this warning
2023-06-14 19:07:46 - LiveReload server is running on port 35729
2023-06-14 19:07:46 - Starting ProtocolHandler ["http-nio-8080"]
2023-06-14 19:07:46 - Tomcat started on port(s): 8080 (http) with context path ''
2023-06-14 19:07:46 - Started CozastoreApplication in 6.603 seconds (JVM running for 7.528)
2023-06-14 19:08:43 - Closing JPA EntityManagerFactory for persistence unit 'default'
2023-06-14 19:08:43 - HikariPool-1 - Shutdown initiated...
2023-06-14 19:08:43 - HikariPool-1 - Shutdown completed.
2023-06-14 19:08:48 - Starting CozastoreApplication using Java 11.0.17 on DESKTOP-1JC52A2 with PID 20064 (D:\myproject\cozastore\target\classes started by Dell in D:\myproject\cozastore)
2023-06-14 19:08:48 - No active profile set, falling back to 1 default profile: "default"
2023-06-14 19:08:48 - Devtools property defaults active! Set 'spring.devtools.add-properties' to 'false' to disable
2023-06-14 19:08:48 - For additional web related logging consider setting the 'logging.level.web' property to 'DEBUG'
2023-06-14 19:08:49 - Bootstrapping Spring Data JPA repositories in DEFAULT mode.
2023-06-14 19:08:49 - Finished Spring Data repository scanning in 92 ms. Found 5 JPA repository interfaces.
2023-06-14 19:08:50 - Tomcat initialized with port(s): 8080 (http)
2023-06-14 19:08:50 - Initializing ProtocolHandler ["http-nio-8080"]
2023-06-14 19:08:50 - Starting service [Tomcat]
2023-06-14 19:08:50 - Starting Servlet engine: [Apache Tomcat/9.0.74]
2023-06-14 19:08:50 - Initializing Spring embedded WebApplicationContext
2023-06-14 19:08:50 - Root WebApplicationContext: initialization completed in 2337 ms
2023-06-14 19:08:51 - HikariPool-1 - Starting...
2023-06-14 19:08:51 - HikariPool-1 - Start completed.
2023-06-14 19:08:52 - Initialized JPA EntityManagerFactory for persistence unit 'default'
2023-06-14 19:08:53 - Will secure any request with [org.springframework.security.web.session.DisableEncodeUrlFilter@20f855f2, org.springframework.security.web.context.request.async.WebAsyncManagerIntegrationFilter@66fb207, org.springframework.security.web.context.SecurityContextPersistenceFilter@2a47ddea, org.springframework.security.web.header.HeaderWriterFilter@c167677, org.springframework.security.web.authentication.logout.LogoutFilter@674d7e79, com.cybersoft.cozastore.filter.JwtFilter@112771d8, org.springframework.security.web.savedrequest.RequestCacheAwareFilter@4bae5269, org.springframework.security.web.servletapi.SecurityContextHolderAwareRequestFilter@7a2af395, org.springframework.security.web.authentication.AnonymousAuthenticationFilter@46743202, org.springframework.security.web.session.SessionManagementFilter@1bf64ffc, org.springframework.security.web.access.ExceptionTranslationFilter@21af515a, org.springframework.security.web.access.intercept.AuthorizationFilter@26a01238]
2023-06-14 19:08:53 - spring.jpa.open-in-view is enabled by default. Therefore, database queries may be performed during view rendering. Explicitly configure spring.jpa.open-in-view to disable this warning
2023-06-14 19:08:53 - LiveReload server is running on port 35729
2023-06-14 19:08:53 - Starting ProtocolHandler ["http-nio-8080"]
2023-06-14 19:08:54 - Tomcat started on port(s): 8080 (http) with context path ''
2023-06-14 19:08:54 - Started CozastoreApplication in 6.312 seconds (JVM running for 7.36)
2023-06-14 19:11:11 - Closing JPA EntityManagerFactory for persistence unit 'default'
2023-06-14 19:11:11 - HikariPool-1 - Shutdown initiated...
2023-06-14 19:11:11 - HikariPool-1 - Shutdown completed.
2023-06-14 19:11:14 - Starting CozastoreApplication using Java 11.0.17 on DESKTOP-1JC52A2 with PID 12432 (D:\myproject\cozastore\target\classes started by Dell in D:\myproject\cozastore)
2023-06-14 19:11:14 - No active profile set, falling back to 1 default profile: "default"
2023-06-14 19:11:14 - Devtools property defaults active! Set 'spring.devtools.add-properties' to 'false' to disable
2023-06-14 19:11:14 - For additional web related logging consider setting the 'logging.level.web' property to 'DEBUG'
2023-06-14 19:11:15 - Bootstrapping Spring Data JPA repositories in DEFAULT mode.
2023-06-14 19:11:16 - Finished Spring Data repository scanning in 84 ms. Found 5 JPA repository interfaces.
2023-06-14 19:11:17 - Tomcat initialized with port(s): 8080 (http)
2023-06-14 19:11:17 - Initializing ProtocolHandler ["http-nio-8080"]
2023-06-14 19:11:17 - Starting service [Tomcat]
2023-06-14 19:11:17 - Starting Servlet engine: [Apache Tomcat/9.0.74]
2023-06-14 19:11:17 - Initializing Spring embedded WebApplicationContext
2023-06-14 19:11:17 - Root WebApplicationContext: initialization completed in 2878 ms
2023-06-14 19:11:18 - HikariPool-1 - Starting...
2023-06-14 19:11:18 - HikariPool-1 - Start completed.
2023-06-14 19:11:19 - Initialized JPA EntityManagerFactory for persistence unit 'default'
2023-06-14 19:11:20 - Will secure any request with [org.springframework.security.web.session.DisableEncodeUrlFilter@a21bdd6, org.springframework.security.web.context.request.async.WebAsyncManagerIntegrationFilter@661c2188, org.springframework.security.web.context.SecurityContextPersistenceFilter@543159f0, org.springframework.security.web.header.HeaderWriterFilter@1f437780, org.springframework.security.web.authentication.logout.LogoutFilter@39c5a1, com.cybersoft.cozastore.filter.JwtFilter@76502fd6, org.springframework.security.web.savedrequest.RequestCacheAwareFilter@70bcde18, org.springframework.security.web.servletapi.SecurityContextHolderAwareRequestFilter@53576d1e, org.springframework.security.web.authentication.AnonymousAuthenticationFilter@4e643620, org.springframework.security.web.session.SessionManagementFilter@3986e292, org.springframework.security.web.access.ExceptionTranslationFilter@d1db6e1, org.springframework.security.web.access.intercept.AuthorizationFilter@57b77cd6]
2023-06-14 19:11:20 - spring.jpa.open-in-view is enabled by default. Therefore, database queries may be performed during view rendering. Explicitly configure spring.jpa.open-in-view to disable this warning
2023-06-14 19:11:20 - LiveReload server is running on port 35729
2023-06-14 19:11:21 - Starting ProtocolHandler ["http-nio-8080"]
2023-06-14 19:11:21 - Tomcat started on port(s): 8080 (http) with context path ''
2023-06-14 19:11:21 - Started CozastoreApplication in 7.081 seconds (JVM running for 8.049)
2023-06-14 19:12:59 - Closing JPA EntityManagerFactory for persistence unit 'default'
2023-06-14 19:12:59 - HikariPool-1 - Shutdown initiated...
2023-06-14 19:12:59 - HikariPool-1 - Shutdown completed.
